<?xml version="1.0" encoding="UTF-8"?>
<!-- Generated by org.testng.reporters.JUnitXMLReporter -->
<testsuite ignored="1" hostname="DESKTOP-RIJ3VST" failures="0" tests="1" name="Default test" time="2.731" errors="0" timestamp="2023-08-08T19:28:57 IST">
  <testcase classname="RePractice.SerializationAndDeserilization" name="testDeserilization" time="2.685"/>
  <testcase classname="RePractice.SerializationAndDeserilization" name="testSerialization" time="0.0">
    <ignored/>
  </testcase> <!-- testSerialization -->
</testsuite> <!-- Default test -->
