<?xml version="1.0" encoding="UTF-8"?>
<testng-results ignored="1" total="2" passed="1" failed="0" skipped="0">
  <reporter-output>
  </reporter-output>
  <suite started-at="2023-08-08T19:28:54 IST" name="Default suite" finished-at="2023-08-08T19:28:57 IST" duration-ms="2731">
    <groups>
    </groups>
    <test started-at="2023-08-08T19:28:54 IST" name="Default test" finished-at="2023-08-08T19:28:57 IST" duration-ms="2731">
      <class name="RePractice.SerializationAndDeserilization">
        <test-method signature="testDeserilization()[pri:0, instance:RePractice.SerializationAndDeserilization@66d3eec0]" started-at="2023-08-08T19:28:54 IST" name="testDeserilization" finished-at="2023-08-08T19:28:57 IST" duration-ms="2685" status="PASS">
          <reporter-output>
          </reporter-output>
        </test-method> <!-- testDeserilization -->
      </class> <!-- RePractice.SerializationAndDeserilization -->
    </test> <!-- Default test -->
  </suite> <!-- Default suite -->
</testng-results>
